<?xml version="1.0" encoding="UTF-8"?>
<!-- Generated by org.testng.reporters.JUnitReportReporter -->
<testsuite hostname="DESKTOP-9BN1Q89" failures="0" tests="1" name="org.Automation_Project.demoQA_Testcases.tc1_Fill_Pratice_Form" time="11.525" errors="0" timestamp="2023-03-01T11:14:59 IST" skipped="0">
  <testcase classname="org.Automation_Project.demoQA_Testcases.tc1_Fill_Pratice_Form" name="fill_Pratice_Form" time="11.525"/>
  <system-out/>
</testsuite> <!-- org.Automation_Project.demoQA_Testcases.tc1_Fill_Pratice_Form -->
