<?xml version="1.0" encoding="UTF-8"?>
<!-- Generated by org.testng.reporters.JUnitReportReporter -->
<testsuite hostname="aj-pc" failures="0" tests="1" name="org.Automation_Project.demoQA_Resources.testUtil" time="0.477" errors="0" timestamp="2023-03-06T12:10:47 IST" skipped="0">
  <testcase classname="org.Automation_Project.demoQA_Resources.testUtil" name="student_TestData" time="0.477"/>
  <system-out/>
</testsuite> <!-- org.Automation_Project.demoQA_Resources.testUtil -->
