<?xml version="1.0" encoding="UTF-8"?>
<!-- Generated by org.testng.reporters.JUnitReportReporter -->
<testsuite hostname="aj-pc" failures="0" tests="1" name="org.Automation_Project.demoQA.demoQA_BaseClass" time="48.739" errors="0" timestamp="2023-02-16T11:46:45 IST" skipped="0">
  <testcase classname="org.Automation_Project.demoQA.demoQA_BaseClass" name="launchBrowser" time="48.739"/>
  <system-out/>
</testsuite> <!-- org.Automation_Project.demoQA.demoQA_BaseClass -->
