<?xml version="1.0" encoding="UTF-8"?>
<!-- Generated by org.testng.reporters.JUnitReportReporter -->
<testsuite hostname="DESKTOP-9BN1Q89" failures="0" tests="1" name="org.Automation_Project.demoQA_Resources.testUtil" time="1.378" errors="0" timestamp="2023-02-27T13:34:32 IST" skipped="0">
  <testcase classname="org.Automation_Project.demoQA_Resources.testUtil" name="student_TestData" time="1.378"/>
  <system-out/>
</testsuite> <!-- org.Automation_Project.demoQA_Resources.testUtil -->
