<?xml version="1.0" encoding="UTF-8"?>
<!-- Generated by org.testng.reporters.JUnitReportReporter -->
<testsuite hostname="aj-pc" failures="0" tests="1" name="org.Automation_Project.demoQA_Testcases.tc1_Fill_Pratice_Form" time="2.246" errors="0" timestamp="2023-02-22T12:57:45 IST" skipped="0">
  <testcase classname="org.Automation_Project.demoQA_Testcases.tc1_Fill_Pratice_Form" name="fill_Pratice_Form" time="2.246"/>
  <system-out/>
</testsuite> <!-- org.Automation_Project.demoQA_Testcases.tc1_Fill_Pratice_Form -->
