<?xml version="1.0" encoding="UTF-8"?>
<!-- Generated by org.testng.reporters.JUnitReportReporter -->
<testsuite hostname="aj-pc" failures="0" tests="1" name="org.Automation_Project.demoQA_Testcases.NewTest" time="0.473" errors="0" timestamp="2023-03-08T10:48:10 IST" skipped="0">
  <testcase classname="org.Automation_Project.demoQA_Testcases.NewTest" name="f" time="0.473"/>
  <system-out/>
</testsuite> <!-- org.Automation_Project.demoQA_Testcases.NewTest -->
