<?xml version="1.0" encoding="UTF-8"?>
<!-- Generated by org.testng.reporters.JUnitReportReporter -->
<testsuite hostname="aj-pc" failures="0" tests="1" name="org.Automation_Project.demoQA_Resources.testUtil" time="0.577" errors="0" timestamp="2023-03-02T10:46:55 IST" skipped="0">
  <testcase classname="org.Automation_Project.demoQA_Resources.testUtil" name="td" time="0.577"/>
  <system-out/>
</testsuite> <!-- org.Automation_Project.demoQA_Resources.testUtil -->
